<?xml version="1.0" encoding="UTF-8"?>
<!-- Generated by org.testng.reporters.JUnitReportReporter -->
<testsuite hostname="ZYKJ-wjj" name="lesson1.TestCalculator" tests="1" failures="0" timestamp="9 Oct 2018 08:38:37 GMT" time="6.432" errors="0">
  <testcase name="plus" time="6.432" classname="lesson1.TestCalculator"/>
</testsuite> <!-- lesson1.TestCalculator -->
